<?xml version="1.0" encoding="UTF-8"?>
<coverage generated="1626845314368" clover="3.2.0">
  <project timestamp="1626845314369" name="All files">
    <metrics statements="102" coveredstatements="58" conditionals="44" coveredconditionals="37" methods="34" coveredmethods="22" elements="180" coveredelements="117" complexity="0" loc="102" ncloc="102" packages="12" files="12" classes="12"/>
    <package name="movies">
      <metrics statements="1" coveredstatements="0" conditionals="0" coveredconditionals="0" methods="1" coveredmethods="0"/>
      <file name="App.js" path="C:\Users\LENOVO\Desktop\Nueva carpeta\movies\App.js">
        <metrics statements="1" coveredstatements="0" conditionals="0" coveredconditionals="0" methods="1" coveredmethods="0"/>
        <line num="4" count="0" type="stmt"/>
      </file>
    </package>
    <package name="movies.src.components.CastList">
      <metrics statements="3" coveredstatements="3" conditionals="2" coveredconditionals="2" methods="3" coveredmethods="3"/>
      <file name="CastList.js" path="C:\Users\LENOVO\Desktop\Nueva carpeta\movies\src\components\CastList\CastList.js">
        <metrics statements="3" coveredstatements="3" conditionals="2" coveredconditionals="2" methods="3" coveredmethods="3"/>
        <line num="6" count="4" type="stmt"/>
        <line num="11" count="8" type="stmt"/>
        <line num="12" count="8" type="stmt"/>
      </file>
    </package>
    <package name="movies.src.components.CastList.Cast">
      <metrics statements="3" coveredstatements="3" conditionals="2" coveredconditionals="2" methods="1" coveredmethods="1"/>
      <file name="Cast.js" path="C:\Users\LENOVO\Desktop\Nueva carpeta\movies\src\components\CastList\Cast\Cast.js">
        <metrics statements="3" coveredstatements="3" conditionals="2" coveredconditionals="2" methods="1" coveredmethods="1"/>
        <line num="6" count="9" type="stmt"/>
        <line num="8" count="9" type="stmt"/>
        <line num="28" count="3" type="stmt"/>
      </file>
    </package>
    <package name="movies.src.components.CastSection">
      <metrics statements="9" coveredstatements="8" conditionals="3" coveredconditionals="3" methods="3" coveredmethods="3"/>
      <file name="CastSection.js" path="C:\Users\LENOVO\Desktop\Nueva carpeta\movies\src\components\CastSection\CastSection.js">
        <metrics statements="9" coveredstatements="8" conditionals="3" coveredconditionals="3" methods="3" coveredmethods="3"/>
        <line num="7" count="3" type="stmt"/>
        <line num="9" count="3" type="stmt"/>
        <line num="11" count="1" type="stmt"/>
        <line num="12" count="1" type="stmt"/>
        <line num="13" count="1" type="stmt"/>
        <line num="15" count="0" type="stmt"/>
        <line num="18" count="2" type="cond" truecount="2" falsecount="0"/>
        <line num="21" count="3" type="stmt"/>
        <line num="29" count="1" type="stmt"/>
      </file>
    </package>
    <package name="movies.src.components.CircularProgressBar">
      <metrics statements="7" coveredstatements="7" conditionals="12" coveredconditionals="12" methods="2" coveredmethods="2"/>
      <file name="CircularProgressBar.js" path="C:\Users\LENOVO\Desktop\Nueva carpeta\movies\src\components\CircularProgressBar\CircularProgressBar.js">
        <metrics statements="7" coveredstatements="7" conditionals="12" coveredconditionals="12" methods="2" coveredmethods="2"/>
        <line num="15" count="12" type="stmt"/>
        <line num="17" count="12" type="cond" truecount="2" falsecount="0"/>
        <line num="18" count="12" type="cond" truecount="2" falsecount="0"/>
        <line num="19" count="12" type="stmt"/>
        <line num="21" count="12" type="stmt"/>
        <line num="29" count="12" type="stmt"/>
        <line num="39" count="15" type="stmt"/>
      </file>
    </package>
    <package name="movies.src.components.DetailInfo">
      <metrics statements="4" coveredstatements="4" conditionals="0" coveredconditionals="0" methods="2" coveredmethods="2"/>
      <file name="DetailInfo.js" path="C:\Users\LENOVO\Desktop\Nueva carpeta\movies\src\components\DetailInfo\DetailInfo.js">
        <metrics statements="4" coveredstatements="4" conditionals="0" coveredconditionals="0" methods="2" coveredmethods="2"/>
        <line num="6" count="1" type="stmt"/>
        <line num="7" count="1" type="stmt"/>
        <line num="19" count="1" type="stmt"/>
        <line num="25" count="1" type="stmt"/>
      </file>
    </package>
    <package name="movies.src.components.DetailPoster">
      <metrics statements="3" coveredstatements="3" conditionals="0" coveredconditionals="0" methods="1" coveredmethods="1"/>
      <file name="DetailPoster.js" path="C:\Users\LENOVO\Desktop\Nueva carpeta\movies\src\components\DetailPoster\DetailPoster.js">
        <metrics statements="3" coveredstatements="3" conditionals="0" coveredconditionals="0" methods="1" coveredmethods="1"/>
        <line num="6" count="1" type="stmt"/>
        <line num="7" count="1" type="stmt"/>
        <line num="23" count="1" type="stmt"/>
      </file>
    </package>
    <package name="movies.src.components.Movie">
      <metrics statements="6" coveredstatements="6" conditionals="8" coveredconditionals="8" methods="2" coveredmethods="1"/>
      <file name="Movie.js" path="C:\Users\LENOVO\Desktop\Nueva carpeta\movies\src\components\Movie\Movie.js">
        <metrics statements="6" coveredstatements="6" conditionals="8" coveredconditionals="8" methods="2" coveredmethods="1"/>
        <line num="15" count="10" type="stmt"/>
        <line num="16" count="10" type="stmt"/>
        <line num="18" count="10" type="stmt"/>
        <line num="19" count="10" type="stmt"/>
        <line num="21" count="10" type="stmt"/>
        <line num="55" count="3" type="stmt"/>
      </file>
    </package>
    <package name="movies.src.components.RatingStars">
      <metrics statements="1" coveredstatements="1" conditionals="1" coveredconditionals="1" methods="2" coveredmethods="1"/>
      <file name="RatingStars.js" path="C:\Users\LENOVO\Desktop\Nueva carpeta\movies\src\components\RatingStars\RatingStars.js">
        <metrics statements="1" coveredstatements="1" conditionals="1" coveredconditionals="1" methods="2" coveredmethods="1"/>
        <line num="7" count="1" type="stmt"/>
      </file>
    </package>
    <package name="movies.src.components.SimilarsList">
      <metrics statements="4" coveredstatements="4" conditionals="4" coveredconditionals="4" methods="3" coveredmethods="3"/>
      <file name="SimilarsList.js" path="C:\Users\LENOVO\Desktop\Nueva carpeta\movies\src\components\SimilarsList\SimilarsList.js">
        <metrics statements="4" coveredstatements="4" conditionals="4" coveredconditionals="4" methods="3" coveredmethods="3"/>
        <line num="6" count="5" type="stmt"/>
        <line num="7" count="9" type="stmt"/>
        <line num="18" count="5" type="stmt"/>
        <line num="30" count="9" type="stmt"/>
      </file>
    </package>
    <package name="movies.src.components.SimilarsSection">
      <metrics statements="8" coveredstatements="7" conditionals="4" coveredconditionals="4" methods="3" coveredmethods="3"/>
      <file name="SimilarsSection.js" path="C:\Users\LENOVO\Desktop\Nueva carpeta\movies\src\components\SimilarsSection\SimilarsSection.js">
        <metrics statements="8" coveredstatements="7" conditionals="4" coveredconditionals="4" methods="3" coveredmethods="3"/>
        <line num="11" count="3" type="stmt"/>
        <line num="13" count="3" type="stmt"/>
        <line num="15" count="1" type="stmt"/>
        <line num="16" count="1" type="stmt"/>
        <line num="17" count="1" type="stmt"/>
        <line num="19" count="0" type="stmt"/>
        <line num="22" count="2" type="cond" truecount="2" falsecount="0"/>
        <line num="25" count="3" type="stmt"/>
      </file>
    </package>
    <package name="movies.src.services">
      <metrics statements="53" coveredstatements="12" conditionals="8" coveredconditionals="1" methods="11" coveredmethods="2"/>
      <file name="TMDB.js" path="C:\Users\LENOVO\Desktop\Nueva carpeta\movies\src\services\TMDB.js">
        <metrics statements="53" coveredstatements="12" conditionals="8" coveredconditionals="1" methods="11" coveredmethods="2"/>
        <line num="2" count="11" type="stmt"/>
        <line num="3" count="11" type="stmt"/>
        <line num="4" count="11" type="stmt"/>
        <line num="5" count="11" type="stmt"/>
        <line num="8" count="0" type="cond" truecount="0" falsecount="2"/>
        <line num="9" count="0" type="stmt"/>
        <line num="10" count="0" type="cond" truecount="0" falsecount="2"/>
        <line num="11" count="0" type="stmt"/>
        <line num="13" count="0" type="stmt"/>
        <line num="17" count="0" type="stmt"/>
        <line num="18" count="0" type="stmt"/>
        <line num="19" count="0" type="stmt"/>
        <line num="20" count="0" type="stmt"/>
        <line num="21" count="0" type="stmt"/>
        <line num="22" count="0" type="stmt"/>
        <line num="24" count="0" type="stmt"/>
        <line num="25" count="0" type="stmt"/>
        <line num="27" count="0" type="stmt"/>
        <line num="32" count="0" type="stmt"/>
        <line num="33" count="0" type="stmt"/>
        <line num="34" count="0" type="stmt"/>
        <line num="35" count="0" type="stmt"/>
        <line num="36" count="0" type="stmt"/>
        <line num="38" count="0" type="stmt"/>
        <line num="43" count="1" type="stmt"/>
        <line num="44" count="1" type="stmt"/>
        <line num="45" count="1" type="stmt"/>
        <line num="46" count="0" type="stmt"/>
        <line num="47" count="0" type="stmt"/>
        <line num="49" count="0" type="cond" truecount="0" falsecount="2"/>
        <line num="51" count="0" type="stmt"/>
        <line num="52" count="0" type="stmt"/>
        <line num="54" count="1" type="stmt"/>
        <line num="59" count="1" type="stmt"/>
        <line num="60" count="1" type="stmt"/>
        <line num="61" count="1" type="stmt"/>
        <line num="62" count="0" type="stmt"/>
        <line num="63" count="0" type="stmt"/>
        <line num="64" count="0" type="stmt"/>
        <line num="66" count="0" type="stmt"/>
        <line num="68" count="1" type="stmt"/>
        <line num="73" count="0" type="stmt"/>
        <line num="74" count="0" type="stmt"/>
        <line num="75" count="0" type="stmt"/>
        <line num="76" count="0" type="stmt"/>
        <line num="77" count="0" type="stmt"/>
        <line num="78" count="0" type="stmt"/>
        <line num="79" count="0" type="stmt"/>
        <line num="82" count="0" type="stmt"/>
        <line num="84" count="0" type="stmt"/>
        <line num="93" count="0" type="stmt"/>
        <line num="97" count="0" type="stmt"/>
        <line num="103" count="0" type="stmt"/>
      </file>
    </package>
  </project>
</coverage>
