<?xml version="1.0" encoding="UTF-8"?>
<coverage generated="1626898553651" clover="3.2.0">
  <project timestamp="1626898553652" name="All files">
    <metrics statements="103" coveredstatements="96" conditionals="46" coveredconditionals="43" methods="34" coveredmethods="31" elements="183" coveredelements="170" complexity="0" loc="103" ncloc="103" packages="12" files="12" classes="12"/>
    <package name="movies">
      <metrics statements="1" coveredstatements="0" conditionals="0" coveredconditionals="0" methods="1" coveredmethods="0"/>
      <file name="App.js" path="C:\Users\LENOVO\Desktop\Nueva carpeta\movies\App.js">
        <metrics statements="1" coveredstatements="0" conditionals="0" coveredconditionals="0" methods="1" coveredmethods="0"/>
        <line num="4" count="0" type="stmt"/>
      </file>
    </package>
    <package name="movies.src.components.CastList">
      <metrics statements="3" coveredstatements="3" conditionals="2" coveredconditionals="2" methods="3" coveredmethods="3"/>
      <file name="CastList.js" path="C:\Users\LENOVO\Desktop\Nueva carpeta\movies\src\components\CastList\CastList.js">
        <metrics statements="3" coveredstatements="3" conditionals="2" coveredconditionals="2" methods="3" coveredmethods="3"/>
        <line num="6" count="3" type="stmt"/>
        <line num="11" count="4" type="stmt"/>
        <line num="12" count="4" type="stmt"/>
      </file>
    </package>
    <package name="movies.src.components.CastList.Cast">
      <metrics statements="3" coveredstatements="3" conditionals="2" coveredconditionals="1" methods="1" coveredmethods="1"/>
      <file name="Cast.js" path="C:\Users\LENOVO\Desktop\Nueva carpeta\movies\src\components\CastList\Cast\Cast.js">
        <metrics statements="3" coveredstatements="3" conditionals="2" coveredconditionals="1" methods="1" coveredmethods="1"/>
        <line num="6" count="5" type="cond" truecount="1" falsecount="1"/>
        <line num="8" count="5" type="stmt"/>
        <line num="26" count="3" type="stmt"/>
      </file>
    </package>
    <package name="movies.src.components.CastSection">
      <metrics statements="9" coveredstatements="8" conditionals="3" coveredconditionals="2" methods="3" coveredmethods="3"/>
      <file name="CastSection.js" path="C:\Users\LENOVO\Desktop\Nueva carpeta\movies\src\components\CastSection\CastSection.js">
        <metrics statements="9" coveredstatements="8" conditionals="3" coveredconditionals="2" methods="3" coveredmethods="3"/>
        <line num="7" count="2" type="stmt"/>
        <line num="9" count="2" type="stmt"/>
        <line num="11" count="1" type="stmt"/>
        <line num="12" count="1" type="stmt"/>
        <line num="13" count="1" type="stmt"/>
        <line num="15" count="0" type="stmt"/>
        <line num="18" count="1" type="cond" truecount="1" falsecount="1"/>
        <line num="21" count="2" type="stmt"/>
        <line num="29" count="1" type="stmt"/>
      </file>
    </package>
    <package name="movies.src.components.CircularProgressBar">
      <metrics statements="7" coveredstatements="7" conditionals="12" coveredconditionals="12" methods="2" coveredmethods="2"/>
      <file name="CircularProgressBar.js" path="C:\Users\LENOVO\Desktop\Nueva carpeta\movies\src\components\CircularProgressBar\CircularProgressBar.js">
        <metrics statements="7" coveredstatements="7" conditionals="12" coveredconditionals="12" methods="2" coveredmethods="2"/>
        <line num="15" count="12" type="stmt"/>
        <line num="17" count="12" type="cond" truecount="2" falsecount="0"/>
        <line num="18" count="12" type="cond" truecount="2" falsecount="0"/>
        <line num="19" count="12" type="stmt"/>
        <line num="21" count="12" type="stmt"/>
        <line num="29" count="12" type="stmt"/>
        <line num="39" count="15" type="stmt"/>
      </file>
    </package>
    <package name="movies.src.components.DetailInfo">
      <metrics statements="4" coveredstatements="4" conditionals="0" coveredconditionals="0" methods="2" coveredmethods="2"/>
      <file name="DetailInfo.js" path="C:\Users\LENOVO\Desktop\Nueva carpeta\movies\src\components\DetailInfo\DetailInfo.js">
        <metrics statements="4" coveredstatements="4" conditionals="0" coveredconditionals="0" methods="2" coveredmethods="2"/>
        <line num="6" count="1" type="stmt"/>
        <line num="7" count="1" type="stmt"/>
        <line num="19" count="1" type="stmt"/>
        <line num="25" count="1" type="stmt"/>
      </file>
    </package>
    <package name="movies.src.components.DetailPoster">
      <metrics statements="3" coveredstatements="3" conditionals="2" coveredconditionals="2" methods="1" coveredmethods="1"/>
      <file name="DetailPoster.js" path="C:\Users\LENOVO\Desktop\Nueva carpeta\movies\src\components\DetailPoster\DetailPoster.js">
        <metrics statements="3" coveredstatements="3" conditionals="2" coveredconditionals="2" methods="1" coveredmethods="1"/>
        <line num="6" count="1" type="stmt"/>
        <line num="7" count="1" type="stmt"/>
        <line num="28" count="1" type="stmt"/>
      </file>
    </package>
    <package name="movies.src.components.Movie">
      <metrics statements="6" coveredstatements="6" conditionals="8" coveredconditionals="8" methods="2" coveredmethods="1"/>
      <file name="Movie.js" path="C:\Users\LENOVO\Desktop\Nueva carpeta\movies\src\components\Movie\Movie.js">
        <metrics statements="6" coveredstatements="6" conditionals="8" coveredconditionals="8" methods="2" coveredmethods="1"/>
        <line num="13" count="10" type="stmt"/>
        <line num="15" count="10" type="stmt"/>
        <line num="17" count="10" type="stmt"/>
        <line num="18" count="10" type="stmt"/>
        <line num="20" count="10" type="stmt"/>
        <line num="54" count="3" type="stmt"/>
      </file>
    </package>
    <package name="movies.src.components.RatingStars">
      <metrics statements="2" coveredstatements="2" conditionals="1" coveredconditionals="1" methods="2" coveredmethods="1"/>
      <file name="RatingStars.js" path="C:\Users\LENOVO\Desktop\Nueva carpeta\movies\src\components\RatingStars\RatingStars.js">
        <metrics statements="2" coveredstatements="2" conditionals="1" coveredconditionals="1" methods="2" coveredmethods="1"/>
        <line num="7" count="1" type="stmt"/>
        <line num="19" count="1" type="stmt"/>
      </file>
    </package>
    <package name="movies.src.components.SimilarsList">
      <metrics statements="4" coveredstatements="4" conditionals="4" coveredconditionals="4" methods="3" coveredmethods="3"/>
      <file name="SimilarsList.js" path="C:\Users\LENOVO\Desktop\Nueva carpeta\movies\src\components\SimilarsList\SimilarsList.js">
        <metrics statements="4" coveredstatements="4" conditionals="4" coveredconditionals="4" methods="3" coveredmethods="3"/>
        <line num="6" count="5" type="stmt"/>
        <line num="7" count="9" type="stmt"/>
        <line num="19" count="5" type="stmt"/>
        <line num="31" count="9" type="stmt"/>
      </file>
    </package>
    <package name="movies.src.components.SimilarsSection">
      <metrics statements="8" coveredstatements="7" conditionals="4" coveredconditionals="4" methods="3" coveredmethods="3"/>
      <file name="SimilarsSection.js" path="C:\Users\LENOVO\Desktop\Nueva carpeta\movies\src\components\SimilarsSection\SimilarsSection.js">
        <metrics statements="8" coveredstatements="7" conditionals="4" coveredconditionals="4" methods="3" coveredmethods="3"/>
        <line num="11" count="3" type="stmt"/>
        <line num="13" count="3" type="stmt"/>
        <line num="15" count="1" type="stmt"/>
        <line num="16" count="1" type="stmt"/>
        <line num="17" count="1" type="stmt"/>
        <line num="19" count="0" type="stmt"/>
        <line num="22" count="2" type="cond" truecount="2" falsecount="0"/>
        <line num="25" count="3" type="stmt"/>
      </file>
    </package>
    <package name="movies.src.services">
      <metrics statements="53" coveredstatements="49" conditionals="8" coveredconditionals="7" methods="11" coveredmethods="11"/>
      <file name="TMDB.js" path="C:\Users\LENOVO\Desktop\Nueva carpeta\movies\src\services\TMDB.js">
        <metrics statements="53" coveredstatements="49" conditionals="8" coveredconditionals="7" methods="11" coveredmethods="11"/>
        <line num="3" count="3" type="stmt"/>
        <line num="4" count="3" type="stmt"/>
        <line num="5" count="3" type="stmt"/>
        <line num="6" count="0" type="stmt"/>
        <line num="9" count="1" type="stmt"/>
        <line num="10" count="1" type="stmt"/>
        <line num="11" count="1" type="stmt"/>
        <line num="12" count="1" type="stmt"/>
        <line num="13" count="1" type="stmt"/>
        <line num="14" count="20" type="stmt"/>
        <line num="16" count="1" type="stmt"/>
        <line num="17" count="1" type="stmt"/>
        <line num="19" count="0" type="stmt"/>
        <line num="24" count="1" type="stmt"/>
        <line num="25" count="1" type="stmt"/>
        <line num="26" count="1" type="stmt"/>
        <line num="27" count="1" type="stmt"/>
        <line num="28" count="1" type="stmt"/>
        <line num="30" count="0" type="stmt"/>
        <line num="35" count="2" type="stmt"/>
        <line num="36" count="2" type="stmt"/>
        <line num="37" count="2" type="stmt"/>
        <line num="38" count="2" type="stmt"/>
        <line num="39" count="2" type="stmt"/>
        <line num="41" count="97" type="cond" truecount="2" falsecount="0"/>
        <line num="43" count="60" type="stmt"/>
        <line num="44" count="1" type="stmt"/>
        <line num="46" count="1" type="stmt"/>
        <line num="51" count="2" type="stmt"/>
        <line num="52" count="2" type="stmt"/>
        <line num="53" count="2" type="stmt"/>
        <line num="54" count="1" type="stmt"/>
        <line num="55" count="1" type="stmt"/>
        <line num="56" count="20" type="stmt"/>
        <line num="58" count="1" type="stmt"/>
        <line num="60" count="1" type="stmt"/>
        <line num="65" count="41" type="stmt"/>
        <line num="66" count="41" type="stmt"/>
        <line num="67" count="41" type="stmt"/>
        <line num="68" count="41" type="stmt"/>
        <line num="69" count="41" type="stmt"/>
        <line num="70" count="41" type="stmt"/>
        <line num="71" count="41" type="stmt"/>
        <line num="72" count="41" type="stmt"/>
        <line num="73" count="41" type="stmt"/>
        <line num="74" count="41" type="stmt"/>
        <line num="78" count="60" type="stmt"/>
        <line num="84" count="60" type="stmt"/>
        <line num="88" count="61" type="cond" truecount="2" falsecount="0"/>
        <line num="89" count="29" type="stmt"/>
        <line num="90" count="32" type="cond" truecount="1" falsecount="1"/>
        <line num="91" count="32" type="stmt"/>
        <line num="93" count="0" type="stmt"/>
      </file>
    </package>
  </project>
</coverage>
