{"C:\\Users\\LENOVO\\Desktop\\Nueva carpeta\\movies\\App.js": {"path":"C:\\Users\\LENOVO\\Desktop\\Nueva carpeta\\movies\\App.js","statementMap":{"0":{"start":{"line":4,"column":4},"end":{"line":4,"column":25}}},"fnMap":{"0":{"name":"App","decl":{"start":{"line":3,"column":24},"end":{"line":3,"column":27}},"loc":{"start":{"line":3,"column":35},"end":{"line":5,"column":1}},"line":3}},"branchMap":{},"s":{"0":0},"f":{"0":0},"b":{}}
,"C:\\Users\\LENOVO\\Desktop\\Nueva carpeta\\movies\\src\\components\\CastList\\CastList.js": {"path":"C:\\Users\\LENOVO\\Desktop\\Nueva carpeta\\movies\\src\\components\\CastList\\CastList.js","statementMap":{"0":{"start":{"line":6,"column":4},"end":{"line":25,"column":6}},"1":{"start":{"line":11,"column":44},"end":{"line":11,"column":62}},"2":{"start":{"line":12,"column":46},"end":{"line":12,"column":67}}},"fnMap":{"0":{"name":"CastList","decl":{"start":{"line":5,"column":24},"end":{"line":5,"column":32}},"loc":{"start":{"line":5,"column":43},"end":{"line":26,"column":1}},"line":5},"1":{"name":"(anonymous_1)","decl":{"start":{"line":11,"column":34},"end":{"line":11,"column":35}},"loc":{"start":{"line":11,"column":44},"end":{"line":11,"column":62}},"line":11},"2":{"name":"(anonymous_2)","decl":{"start":{"line":12,"column":32},"end":{"line":12,"column":33}},"loc":{"start":{"line":12,"column":46},"end":{"line":12,"column":67}},"line":12}},"branchMap":{"0":{"loc":{"start":{"line":8,"column":13},"end":{"line":23,"column":13}},"type":"cond-expr","locations":[{"start":{"line":9,"column":16},"end":{"line":16,"column":18}},{"start":{"line":18,"column":16},"end":{"line":22,"column":18}}],"line":8}},"s":{"0":1,"1":4,"2":4},"f":{"0":1,"1":4,"2":4},"b":{"0":[1,0]},"_coverageSchema":"1a1c01bbd47fc00a2c39e90264f33305004495a9","hash":"a2232abb5c62afd1c863f6c91d9c952382e16ce5"}
,"C:\\Users\\LENOVO\\Desktop\\Nueva carpeta\\movies\\src\\components\\CastList\\Cast\\Cast.js": {"path":"C:\\Users\\LENOVO\\Desktop\\Nueva carpeta\\movies\\src\\components\\CastList\\Cast\\Cast.js","statementMap":{"0":{"start":{"line":6,"column":16},"end":{"line":6,"column":64}},"1":{"start":{"line":8,"column":4},"end":{"line":25,"column":6}},"2":{"start":{"line":28,"column":15},"end":{"line":49,"column":2}}},"fnMap":{"0":{"name":"Cast","decl":{"start":{"line":5,"column":24},"end":{"line":5,"column":28}},"loc":{"start":{"line":5,"column":40},"end":{"line":26,"column":1}},"line":5}},"branchMap":{"0":{"loc":{"start":{"line":10,"column":13},"end":{"line":15,"column":13}},"type":"binary-expr","locations":[{"start":{"line":10,"column":13},"end":{"line":10,"column":30}},{"start":{"line":11,"column":16},"end":{"line":14,"column":18}}],"line":10}},"s":{"0":5,"1":5,"2":2},"f":{"0":5},"b":{"0":[5,5]},"_coverageSchema":"1a1c01bbd47fc00a2c39e90264f33305004495a9","hash":"e52067a154e6176c889ddfe7c965774eec2c9731"}
,"C:\\Users\\LENOVO\\Desktop\\Nueva carpeta\\movies\\src\\services\\TMDB.js": {"path":"C:\\Users\\LENOVO\\Desktop\\Nueva carpeta\\movies\\src\\services\\TMDB.js","statementMap":{"0":{"start":{"line":2,"column":15},"end":{"line":2,"column":48}},"1":{"start":{"line":3,"column":19},"end":{"line":3,"column":52}},"2":{"start":{"line":4,"column":14},"end":{"line":4,"column":45}},"3":{"start":{"line":5,"column":13},"end":{"line":5,"column":47}},"4":{"start":{"line":8,"column":8},"end":{"line":12,"column":9}},"5":{"start":{"line":9,"column":12},"end":{"line":9,"column":21}},"6":{"start":{"line":10,"column":15},"end":{"line":12,"column":9}},"7":{"start":{"line":11,"column":12},"end":{"line":11,"column":22}},"8":{"start":{"line":13,"column":8},"end":{"line":13,"column":17}},"9":{"start":{"line":17,"column":20},"end":{"line":17,"column":105}},"10":{"start":{"line":18,"column":8},"end":{"line":28,"column":9}},"11":{"start":{"line":19,"column":29},"end":{"line":19,"column":45}},"12":{"start":{"line":20,"column":25},"end":{"line":20,"column":46}},"13":{"start":{"line":21,"column":28},"end":{"line":23,"column":13}},"14":{"start":{"line":22,"column":16},"end":{"line":22,"column":40}},"15":{"start":{"line":24,"column":12},"end":{"line":24,"column":43}},"16":{"start":{"line":25,"column":12},"end":{"line":25,"column":27}},"17":{"start":{"line":27,"column":12},"end":{"line":27,"column":25}},"18":{"start":{"line":32,"column":20},"end":{"line":32,"column":86}},"19":{"start":{"line":33,"column":8},"end":{"line":39,"column":9}},"20":{"start":{"line":34,"column":29},"end":{"line":34,"column":45}},"21":{"start":{"line":35,"column":25},"end":{"line":35,"column":46}},"22":{"start":{"line":36,"column":12},"end":{"line":36,"column":43}},"23":{"start":{"line":38,"column":12},"end":{"line":38,"column":25}},"24":{"start":{"line":43,"column":20},"end":{"line":43,"column":94}},"25":{"start":{"line":44,"column":8},"end":{"line":55,"column":9}},"26":{"start":{"line":45,"column":29},"end":{"line":45,"column":45}},"27":{"start":{"line":46,"column":25},"end":{"line":46,"column":46}},"28":{"start":{"line":47,"column":31},"end":{"line":50,"column":13}},"29":{"start":{"line":49,"column":20},"end":{"line":49,"column":75}},"30":{"start":{"line":51,"column":28},"end":{"line":51,"column":75}},"31":{"start":{"line":51,"column":54},"end":{"line":51,"column":74}},"32":{"start":{"line":52,"column":12},"end":{"line":52,"column":27}},"33":{"start":{"line":54,"column":12},"end":{"line":54,"column":25}},"34":{"start":{"line":59,"column":20},"end":{"line":59,"column":107}},"35":{"start":{"line":60,"column":8},"end":{"line":69,"column":9}},"36":{"start":{"line":61,"column":29},"end":{"line":61,"column":45}},"37":{"start":{"line":62,"column":25},"end":{"line":62,"column":46}},"38":{"start":{"line":63,"column":28},"end":{"line":65,"column":13}},"39":{"start":{"line":64,"column":16},"end":{"line":64,"column":40}},"40":{"start":{"line":66,"column":12},"end":{"line":66,"column":27}},"41":{"start":{"line":68,"column":12},"end":{"line":68,"column":25}},"42":{"start":{"line":73,"column":23},"end":{"line":73,"column":25}},"43":{"start":{"line":74,"column":8},"end":{"line":74,"column":28}},"44":{"start":{"line":75,"column":8},"end":{"line":75,"column":34}},"45":{"start":{"line":76,"column":8},"end":{"line":76,"column":40}},"46":{"start":{"line":77,"column":8},"end":{"line":77,"column":57}},"47":{"start":{"line":78,"column":8},"end":{"line":78,"column":61}},"48":{"start":{"line":79,"column":8},"end":{"line":79,"column":47}},"49":{"start":{"line":82,"column":8},"end":{"line":82,"column":47}},"50":{"start":{"line":84,"column":8},"end":{"line":84,"column":36}},"51":{"start":{"line":93,"column":8},"end":{"line":93,"column":22}},"52":{"start":{"line":97,"column":23},"end":{"line":102,"column":9}},"53":{"start":{"line":103,"column":8},"end":{"line":103,"column":22}}},"fnMap":{"0":{"name":"(anonymous_0)","decl":{"start":{"line":7,"column":4},"end":{"line":7,"column":5}},"loc":{"start":{"line":7,"column":22},"end":{"line":14,"column":5}},"line":7},"1":{"name":"(anonymous_1)","decl":{"start":{"line":16,"column":4},"end":{"line":16,"column":5}},"loc":{"start":{"line":16,"column":40},"end":{"line":29,"column":5}},"line":16},"2":{"name":"(anonymous_2)","decl":{"start":{"line":21,"column":45},"end":{"line":21,"column":46}},"loc":{"start":{"line":22,"column":16},"end":{"line":22,"column":40}},"line":22},"3":{"name":"(anonymous_3)","decl":{"start":{"line":31,"column":4},"end":{"line":31,"column":5}},"loc":{"start":{"line":31,"column":23},"end":{"line":40,"column":5}},"line":31},"4":{"name":"(anonymous_4)","decl":{"start":{"line":42,"column":4},"end":{"line":42,"column":5}},"loc":{"start":{"line":42,"column":27},"end":{"line":56,"column":5}},"line":42},"5":{"name":"(anonymous_5)","decl":{"start":{"line":48,"column":16},"end":{"line":48,"column":17}},"loc":{"start":{"line":49,"column":20},"end":{"line":49,"column":75}},"line":49},"6":{"name":"(anonymous_6)","decl":{"start":{"line":51,"column":43},"end":{"line":51,"column":44}},"loc":{"start":{"line":51,"column":54},"end":{"line":51,"column":74}},"line":51},"7":{"name":"(anonymous_7)","decl":{"start":{"line":58,"column":4},"end":{"line":58,"column":5}},"loc":{"start":{"line":58,"column":41},"end":{"line":70,"column":5}},"line":58},"8":{"name":"(anonymous_8)","decl":{"start":{"line":63,"column":45},"end":{"line":63,"column":46}},"loc":{"start":{"line":64,"column":16},"end":{"line":64,"column":40}},"line":64},"9":{"name":"(anonymous_9)","decl":{"start":{"line":72,"column":4},"end":{"line":72,"column":5}},"loc":{"start":{"line":72,"column":23},"end":{"line":94,"column":5}},"line":72},"10":{"name":"(anonymous_10)","decl":{"start":{"line":96,"column":4},"end":{"line":96,"column":5}},"loc":{"start":{"line":96,"column":19},"end":{"line":104,"column":5}},"line":96}},"branchMap":{"0":{"loc":{"start":{"line":8,"column":8},"end":{"line":12,"column":9}},"type":"if","locations":[{"start":{"line":8,"column":8},"end":{"line":12,"column":9}},{"start":{"line":8,"column":8},"end":{"line":12,"column":9}}],"line":8},"1":{"loc":{"start":{"line":10,"column":15},"end":{"line":12,"column":9}},"type":"if","locations":[{"start":{"line":10,"column":15},"end":{"line":12,"column":9}},{"start":{"line":10,"column":15},"end":{"line":12,"column":9}}],"line":10},"2":{"loc":{"start":{"line":16,"column":30},"end":{"line":16,"column":38}},"type":"default-arg","locations":[{"start":{"line":16,"column":37},"end":{"line":16,"column":38}}],"line":16},"3":{"loc":{"start":{"line":49,"column":20},"end":{"line":49,"column":75}},"type":"binary-expr","locations":[{"start":{"line":49,"column":20},"end":{"line":49,"column":44}},{"start":{"line":49,"column":48},"end":{"line":49,"column":75}}],"line":49},"4":{"loc":{"start":{"line":58,"column":31},"end":{"line":58,"column":39}},"type":"default-arg","locations":[{"start":{"line":58,"column":38},"end":{"line":58,"column":39}}],"line":58}},"s":{"0":5,"1":5,"2":5,"3":5,"4":0,"5":0,"6":0,"7":0,"8":0,"9":0,"10":0,"11":0,"12":0,"13":0,"14":0,"15":0,"16":0,"17":0,"18":0,"19":0,"20":0,"21":0,"22":0,"23":0,"24":0,"25":0,"26":0,"27":0,"28":0,"29":0,"30":0,"31":0,"32":0,"33":0,"34":0,"35":0,"36":0,"37":0,"38":0,"39":0,"40":0,"41":0,"42":0,"43":0,"44":0,"45":0,"46":0,"47":0,"48":0,"49":0,"50":0,"51":0,"52":0,"53":0},"f":{"0":0,"1":0,"2":0,"3":0,"4":0,"5":0,"6":0,"7":0,"8":0,"9":0,"10":0},"b":{"0":[0,0],"1":[0,0],"2":[0],"3":[0,0],"4":[0]},"_coverageSchema":"1a1c01bbd47fc00a2c39e90264f33305004495a9","hash":"11ecaad56150bd588b960b569d9608afb09c1811"}
}
