TN:
SF:App.js
FN:3,App
FNF:1
FNH:0
FNDA:0,App
DA:4,0
LF:1
LH:0
BRF:0
BRH:0
end_of_record
TN:
SF:src\components\CastList\CastList.js
FN:5,CastList
FN:11,(anonymous_1)
FN:12,(anonymous_2)
FNF:3
FNH:3
FNDA:3,CastList
FNDA:4,(anonymous_1)
FNDA:4,(anonymous_2)
DA:6,3
DA:11,4
DA:12,4
LF:3
LH:3
BRDA:8,0,0,1
BRDA:8,0,1,2
BRF:2
BRH:2
end_of_record
TN:
SF:src\components\CastList\Cast\Cast.js
FN:5,Cast
FNF:1
FNH:1
FNDA:5,Cast
DA:6,5
DA:8,5
DA:26,3
LF:3
LH:3
BRDA:6,0,0,0
BRDA:6,0,1,5
BRF:2
BRH:1
end_of_record
TN:
SF:src\components\CastSection\CastSection.js
FN:6,CastSection
FN:9,(anonymous_1)
FN:10,fetchCast
FNF:3
FNH:3
FNDA:2,CastSection
FNDA:1,(anonymous_1)
FNDA:1,fetchCast
DA:7,2
DA:9,2
DA:11,1
DA:12,1
DA:13,1
DA:15,0
DA:18,1
DA:21,2
DA:29,1
LF:9
LH:8
BRDA:6,0,0,2
BRDA:18,1,0,1
BRDA:18,1,1,0
BRF:3
BRH:2
end_of_record
TN:
SF:src\components\CircularProgressBar\CircularProgressBar.js
FN:5,CircularProgressBar
FN:38,(anonymous_1)
FNF:2
FNH:2
FNDA:12,CircularProgressBar
FNDA:15,(anonymous_1)
DA:15,12
DA:17,12
DA:18,12
DA:19,12
DA:21,12
DA:29,12
DA:39,15
LF:7
LH:7
BRDA:7,0,0,12
BRDA:8,1,0,12
BRDA:9,2,0,1
BRDA:10,3,0,1
BRDA:11,4,0,1
BRDA:12,5,0,12
BRDA:13,6,0,11
BRDA:14,7,0,11
BRDA:17,8,0,11
BRDA:17,8,1,1
BRDA:18,9,0,2
BRDA:18,9,1,10
BRF:12
BRH:12
end_of_record
TN:
SF:src\components\DetailInfo\DetailInfo.js
FN:5,DetailInfo
FN:19,(anonymous_1)
FNF:2
FNH:2
FNDA:1,DetailInfo
FNDA:1,(anonymous_1)
DA:6,1
DA:7,1
DA:19,1
DA:25,1
LF:4
LH:4
BRF:0
BRH:0
end_of_record
TN:
SF:src\components\DetailPoster\DetailPoster.js
FN:5,DetailPoster
FNF:1
FNH:1
FNDA:1,DetailPoster
DA:6,1
DA:7,1
DA:28,1
LF:3
LH:3
BRDA:10,0,0,1
BRDA:10,0,1,1
BRF:2
BRH:2
end_of_record
TN:
SF:src\components\Movie\Movie.js
FN:5,Movie
FN:18,(anonymous_1)
FNF:2
FNH:1
FNDA:10,Movie
FNDA:0,(anonymous_1)
DA:13,10
DA:15,10
DA:17,10
DA:18,10
DA:20,10
DA:54,3
LF:6
LH:6
BRDA:7,0,0,1
BRDA:8,1,0,1
BRDA:9,2,0,1
BRDA:10,3,0,1
BRDA:11,4,0,1
BRDA:12,5,0,1
BRDA:44,6,0,10
BRDA:44,6,1,1
BRF:8
BRH:8
end_of_record
TN:
SF:src\components\RatingStars\RatingStars.js
FN:4,ratingCompleted
FN:6,RatingStars
FNF:2
FNH:1
FNDA:0,ratingCompleted
FNDA:1,RatingStars
DA:7,1
DA:19,1
LF:2
LH:2
BRDA:6,0,0,1
BRF:1
BRH:1
end_of_record
TN:
SF:src\components\SimilarsList\SimilarsList.js
FN:5,SimilarList
FN:6,(anonymous_1)
FN:31,(anonymous_2)
FNF:3
FNH:3
FNDA:5,SimilarList
FNDA:9,(anonymous_1)
FNDA:9,(anonymous_2)
DA:6,5
DA:7,9
DA:19,5
DA:31,9
LF:4
LH:4
BRDA:21,0,0,5
BRDA:21,0,1,4
BRDA:27,1,0,3
BRDA:27,1,1,2
BRF:4
BRH:4
end_of_record
TN:
SF:src\components\SimilarsSection\SimilarsSection.js
FN:5,SimilarsSection
FN:13,(anonymous_1)
FN:14,fetchSimilars
FNF:3
FNH:3
FNDA:3,SimilarsSection
FNDA:2,(anonymous_1)
FNDA:1,fetchSimilars
DA:11,3
DA:13,3
DA:15,1
DA:16,1
DA:17,1
DA:19,0
DA:22,2
DA:25,3
LF:8
LH:7
BRDA:8,0,0,2
BRDA:9,1,0,3
BRDA:22,2,0,1
BRDA:22,2,1,1
BRF:4
BRH:4
end_of_record
TN:
SF:src\services\TMDB.js
FN:8,(anonymous_0)
FN:13,(anonymous_1)
FN:23,(anonymous_2)
FN:34,(anonymous_3)
FN:40,(anonymous_4)
FN:43,(anonymous_5)
FN:50,(anonymous_6)
FN:55,(anonymous_7)
FN:64,(anonymous_8)
FN:77,(anonymous_9)
FN:87,(anonymous_10)
FNF:11
FNH:11
FNDA:1,(anonymous_0)
FNDA:20,(anonymous_1)
FNDA:1,(anonymous_2)
FNDA:2,(anonymous_3)
FNDA:97,(anonymous_4)
FNDA:60,(anonymous_5)
FNDA:2,(anonymous_6)
FNDA:20,(anonymous_7)
FNDA:41,(anonymous_8)
FNDA:60,(anonymous_9)
FNDA:61,(anonymous_10)
DA:3,3
DA:4,3
DA:5,3
DA:6,0
DA:9,1
DA:10,1
DA:11,1
DA:12,1
DA:13,1
DA:14,20
DA:16,1
DA:17,1
DA:19,0
DA:24,1
DA:25,1
DA:26,1
DA:27,1
DA:28,1
DA:30,0
DA:35,2
DA:36,2
DA:37,2
DA:38,2
DA:39,2
DA:41,97
DA:43,60
DA:44,1
DA:46,1
DA:51,2
DA:52,2
DA:53,2
DA:54,1
DA:55,1
DA:56,20
DA:58,1
DA:60,1
DA:65,41
DA:66,41
DA:67,41
DA:68,41
DA:69,41
DA:70,41
DA:71,41
DA:72,41
DA:73,41
DA:74,41
DA:78,60
DA:84,60
DA:88,61
DA:89,29
DA:90,32
DA:91,32
DA:93,0
LF:53
LH:49
BRDA:8,0,0,1
BRDA:41,1,0,97
BRDA:41,1,1,97
BRDA:50,2,0,2
BRDA:88,3,0,29
BRDA:88,3,1,32
BRDA:90,4,0,32
BRDA:90,4,1,0
BRF:8
BRH:7
end_of_record
